[debug] [2024-07-29T16:16:31.174Z] ----------------------------------------------------------------------
[debug] [2024-07-29T16:16:31.176Z] Command:       C:\Program Files\nodejs\node.exe C:\Users\asan_\AppData\Roaming\npm\node_modules\firebase-tools\lib\bin\firebase.js deploy
[debug] [2024-07-29T16:16:31.176Z] CLI Version:   13.13.3
[debug] [2024-07-29T16:16:31.177Z] Platform:      win32
[debug] [2024-07-29T16:16:31.177Z] Node Version:  v18.19.1
[debug] [2024-07-29T16:16:31.177Z] Time:          Mon Jul 29 2024 18:16:31 GMT+0200 (czas środkowoeuropejski letni)
[debug] [2024-07-29T16:16:31.178Z] ----------------------------------------------------------------------
[debug] 
[debug] [2024-07-29T16:16:31.180Z] >>> [apiv2][query] GET https://firebase-public.firebaseio.com/cli.json [none]
[debug] [2024-07-29T16:16:31.262Z] > command requires scopes: ["email","openid","https://www.googleapis.com/auth/cloudplatformprojects.readonly","https://www.googleapis.com/auth/firebase","https://www.googleapis.com/auth/cloud-platform"]
[debug] [2024-07-29T16:16:31.263Z] > authorizing via signed-in user (adrian950113@gmail.com)
[debug] [2024-07-29T16:16:31.263Z] [iam] checking project bombos-1f119 for permissions ["datastore.indexes.create","datastore.indexes.delete","datastore.indexes.list","datastore.indexes.update","firebase.projects.get","firebasehosting.sites.update"]
[debug] [2024-07-29T16:16:31.264Z] > refreshing access token with scopes: []
[debug] [2024-07-29T16:16:31.264Z] >>> [apiv2][query] POST https://www.googleapis.com/oauth2/v3/token [none]
[debug] [2024-07-29T16:16:31.264Z] >>> [apiv2][body] POST https://www.googleapis.com/oauth2/v3/token [omitted]
[debug] [2024-07-29T16:16:31.368Z] <<< [apiv2][status] POST https://www.googleapis.com/oauth2/v3/token 200
[debug] [2024-07-29T16:16:31.369Z] <<< [apiv2][body] POST https://www.googleapis.com/oauth2/v3/token [omitted]
[debug] [2024-07-29T16:16:31.376Z] >>> [apiv2][query] POST https://cloudresourcemanager.googleapis.com/v1/projects/bombos-1f119:testIamPermissions [none]
[debug] [2024-07-29T16:16:31.376Z] >>> [apiv2][(partial)header] POST https://cloudresourcemanager.googleapis.com/v1/projects/bombos-1f119:testIamPermissions x-goog-quota-user=projects/bombos-1f119
[debug] [2024-07-29T16:16:31.376Z] >>> [apiv2][body] POST https://cloudresourcemanager.googleapis.com/v1/projects/bombos-1f119:testIamPermissions {"permissions":["datastore.indexes.create","datastore.indexes.delete","datastore.indexes.list","datastore.indexes.update","firebase.projects.get","firebasehosting.sites.update"]}
[debug] [2024-07-29T16:16:31.552Z] <<< [apiv2][status] GET https://firebase-public.firebaseio.com/cli.json 200
[debug] [2024-07-29T16:16:31.552Z] <<< [apiv2][body] GET https://firebase-public.firebaseio.com/cli.json {"cloudBuildErrorAfter":1594252800000,"cloudBuildWarnAfter":1590019200000,"defaultNode10After":1594252800000,"minVersion":"3.0.5","node8DeploysDisabledAfter":1613390400000,"node8RuntimeDisabledAfter":1615809600000,"node8WarnAfter":1600128000000}
[debug] [2024-07-29T16:16:32.154Z] <<< [apiv2][status] POST https://cloudresourcemanager.googleapis.com/v1/projects/bombos-1f119:testIamPermissions 200
[debug] [2024-07-29T16:16:32.154Z] <<< [apiv2][body] POST https://cloudresourcemanager.googleapis.com/v1/projects/bombos-1f119:testIamPermissions {"permissions":["datastore.indexes.create","datastore.indexes.delete","datastore.indexes.list","datastore.indexes.update","firebase.projects.get","firebasehosting.sites.update"]}
[debug] [2024-07-29T16:16:32.155Z] >>> [apiv2][query] GET https://firebase.googleapis.com/v1beta1/projects/bombos-1f119 [none]
[debug] [2024-07-29T16:16:32.458Z] <<< [apiv2][status] GET https://firebase.googleapis.com/v1beta1/projects/bombos-1f119 200
[debug] [2024-07-29T16:16:32.458Z] <<< [apiv2][body] GET https://firebase.googleapis.com/v1beta1/projects/bombos-1f119 {"projectId":"bombos-1f119","projectNumber":"254880634541","displayName":"bombos","name":"projects/bombos-1f119","resources":{"hostingSite":"bombos-1f119"},"state":"ACTIVE","etag":"1_2503f15a-49d8-4872-83f9-c6966c647d4a"}
[info] 
[info] === Deploying to 'bombos-1f119'...
[info] 
[info] i  deploying firestore, hosting 
[info] i  firestore: reading indexes from firestore.indexes.json... 
[info] i  cloud.firestore: checking firestore.rules for compilation errors... 
[debug] [2024-07-29T16:16:32.464Z] >>> [apiv2][query] POST https://firebaserules.googleapis.com/v1/projects/bombos-1f119:test [none]
[debug] [2024-07-29T16:16:32.464Z] >>> [apiv2][body] POST https://firebaserules.googleapis.com/v1/projects/bombos-1f119:test [omitted]
